<?xml version="1.0" encoding="UTF-8"?>
<!-- Generated by org.testng.reporters.JUnitReportReporter -->
<testsuite hostname="cloud03" name="com.twentyat.service.impl.TwentyAtServiceTest" tests="1" failures="0" timestamp="8 Mar 2011 12:39:49 GMT" time="0.171" errors="0">
  <testcase name="testGetGroup" time="0.171" classname="com.twentyat.service.impl.TwentyAtServiceTest"/>
</testsuite>
