<?xml version="1.0" encoding="UTF-8"?>
<!-- Generated by org.testng.reporters.JUnitReportReporter -->
<testsuite hostname="Cloud" name="com.twentyat.service.impl.SocialNetworkServiceTest" tests="1" failures="0" timestamp="4 Mar 2011 11:58:00 GMT" time="0.001" errors="0">
  <testcase name="testGetUser" time="0.001" classname="com.twentyat.service.impl.SocialNetworkServiceTest"/>
</testsuite>
