<?xml version="1.0" encoding="UTF-8"?>
<!-- Generated by org.testng.reporters.JUnitReportReporter -->
<testsuite hostname="Cloud" name="com.twentyat.service.impl.TwentyAtServiceTest" tests="2" failures="0" timestamp="4 Mar 2011 11:58:00 GMT" time="0.070" errors="0">
  <testcase name="testGetUser" time="0.020" classname="com.twentyat.service.impl.TwentyAtServiceTest"/>
  <testcase name="testAddTwentyAtUser" time="0.050" classname="com.twentyat.service.impl.TwentyAtServiceTest"/>
</testsuite>
