<?xml version="1.0" encoding="UTF-8"?>
<!-- Generated by org.testng.reporters.JUnitReportReporter -->
<testsuite hostname="Cloud" name="com.twentyat.service.impl.TwentyAtServiceTest" tests="1" failures="0" timestamp="7 Mar 2011 13:25:15 GMT" time="0.210" errors="0">
  <testcase name="testGetGroup" time="0.210" classname="com.twentyat.service.impl.TwentyAtServiceTest"/>
</testsuite>
